Array
(
    [entry] => Array
        (
            [0] => Array
                (
                    [changes] => Array
                        (
                            [0] => Array
                                (
                                    [field] => feed
                                    [value] => Array
                                        (
                                            [share_id] => 1062811917120946
                                            [post_id] => 949376755131130_1062811917120946
                                            [sender_name] => wordpress.shared.all
                                            [sender_id] => 949376755131130
                                            [item] => share
                                            [verb] => add
                                            [link] => http://www.nulledshare.me/2016/08/08/multi-hosting-v1-5-2-whmcs-hosting-wordpress-theme/
                                            [published] => 1
                                            [created_time] => 1470632838
                                            [message] => New post (Multi Hosting v1.5.2 - WHMCS Hosting WordPress Theme) has been published on Sharing All Nulled Wordpress
                                        )

                                )

                        )

                    [id] => 949376755131130
                    [time] => 1470632844
                )

        )

    [object] => page
)
